<?xml version="1.0" encoding="UTF-8"?>
<!-- Generated by org.testng.reporters.JUnitXMLReporter -->
<testsuite ignored="0" hostname="HareeshSurya" failures="0" tests="10" name="Default test" time="61.203" errors="0" timestamp="2022-11-03T11:57:48 IST">
  <testcase classname="ohrmApplication.OHRM_LoginTest" name="TitleValidation" time="0.033"/>
  <testcase classname="ohrmApplication.OHRM_LoginTest" name="OrangeHRMloginpanelValidation" time="1.028"/>
  <testcase classname="ohrmApplication.OHRM_LoginTest" name="LoginTest" time="1.59"/>
  <testcase classname="ohrmApplication.OHRMAddEmployeeTest" name="HomepagePimmenuValidation" time="1.114"/>
  <testcase classname="ohrmApplication.OHRMAddEmployeeTest" name="Addemployeenamevalidation" time="0.683"/>
  <testcase classname="ohrmApplication.OHRMAddEmployeeTest" name="EmployeeDetails" time="1.48"/>
  <testcase classname="ohrmApplication.OHRMAddEmployeeTest" name="PersonaldetailsValidation" time="0.103"/>
  <testcase classname="ohrmApplication.OHRMAddEmployeeTest" name="Employeedetailsvalidation" time="0.321"/>
  <testcase classname="ohrmApplication.OHRM_Employeelist" name="employeemultipledata" time="8.053"/>
  <testcase classname="ohrmApplication.OHRM_Employeelist" name="saveEmployeelist" time="42.129"/>
</testsuite> <!-- Default test -->
