<?xml version="1.0" encoding="UTF-8"?>
<!-- Generated by org.testng.reporters.JUnitXMLReporter -->
<testsuite ignored="0" hostname="HareeshSurya" failures="0" tests="8" name="AddEmployee" time="8.21" errors="0" timestamp="2022-11-03T12:07:24 IST">
  <testcase classname="ohrmApplication.OHRM_LoginTest" name="TitleValidation" time="0.031"/>
  <testcase classname="ohrmApplication.OHRM_LoginTest" name="OrangeHRMloginpanelValidation" time="0.121"/>
  <testcase classname="ohrmApplication.OHRM_LoginTest" name="LoginTest" time="1.598"/>
  <testcase classname="ohrmApplication.OHRMAddEmployeeTest" name="HomepagePimmenuValidation" time="1.266"/>
  <testcase classname="ohrmApplication.OHRMAddEmployeeTest" name="Addemployeenamevalidation" time="0.569"/>
  <testcase classname="ohrmApplication.OHRMAddEmployeeTest" name="EmployeeDetails" time="1.35"/>
  <testcase classname="ohrmApplication.OHRMAddEmployeeTest" name="PersonaldetailsValidation" time="0.073"/>
  <testcase classname="ohrmApplication.OHRMAddEmployeeTest" name="Employeedetailsvalidation" time="0.202"/>
</testsuite> <!-- AddEmployee -->
