<?xml version="1.0" encoding="UTF-8"?>
<!-- Generated by org.testng.reporters.JUnitXMLReporter -->
<testsuite ignored="0" hostname="HareeshSurya" failures="0" tests="10" name="Employeelist" time="56.244" errors="0" timestamp="2022-11-03T12:08:20 IST">
  <testcase classname="ohrmApplication.OHRM_LoginTest" name="TitleValidation" time="0.012"/>
  <testcase classname="ohrmApplication.OHRM_LoginTest" name="OrangeHRMloginpanelValidation" time="0.086"/>
  <testcase classname="ohrmApplication.OHRM_LoginTest" name="LoginTest" time="1.567"/>
  <testcase classname="ohrmApplication.OHRMAddEmployeeTest" name="HomepagePimmenuValidation" time="1.111"/>
  <testcase classname="ohrmApplication.OHRMAddEmployeeTest" name="Addemployeenamevalidation" time="0.5"/>
  <testcase classname="ohrmApplication.OHRMAddEmployeeTest" name="EmployeeDetails" time="1.361"/>
  <testcase classname="ohrmApplication.OHRMAddEmployeeTest" name="PersonaldetailsValidation" time="0.063"/>
  <testcase classname="ohrmApplication.OHRMAddEmployeeTest" name="Employeedetailsvalidation" time="0.181"/>
  <testcase classname="ohrmApplication.OHRM_Employeelist" name="employeemultipledata" time="5.319"/>
  <testcase classname="ohrmApplication.OHRM_Employeelist" name="saveEmployeelist" time="43.256"/>
</testsuite> <!-- Employeelist -->
