<?xml version="1.0" encoding="UTF-8"?>
<!-- Generated by org.testng.reporters.JUnitXMLReporter -->
<testsuite ignored="0" hostname="HareeshSurya" failures="0" tests="3" name="LoginTest" time="11.937" errors="0" timestamp="2022-11-03T12:07:16 IST">
  <testcase classname="ohrmApplication.OHRM_LoginTest" name="TitleValidation" time="0.018"/>
  <testcase classname="ohrmApplication.OHRM_LoginTest" name="OrangeHRMloginpanelValidation" time="5.375"/>
  <testcase classname="ohrmApplication.OHRM_LoginTest" name="LoginTest" time="2.142"/>
</testsuite> <!-- LoginTest -->
