<?xml version="1.0" encoding="UTF-8"?>
<!-- Generated by org.testng.reporters.JUnitXMLReporter -->
<testsuite ignored="0" hostname="HareeshSurya" failures="0" tests="5" name="LogInPage" time="25.823" errors="0" timestamp="2022-11-01T15:43:36 IST">
  <testcase classname="com.WebPagesTestCases.LogInPageTest" name="loginTest" time="2.326"/>
  <testcase classname="com.WebPagesTestCases.LogInPageTest" name="imageTest" time="0.075"/>
  <testcase classname="com.WebPagesTestCases.LogInPageTest" name="logInPageTitleValidationTest" time="0.025"/>
  <testcase classname="com.WebPagesTestCases.LogInPageTest" name="loginpageurlAddressValidationTest" time="0.014"/>
  <testcase classname="com.WebPagesTestCases.LogInPageTest" name="logoutTest" time="3.513"/>
</testsuite> <!-- LogInPage -->
